<?xml version="1.0" encoding="UTF-8"?>
<testng-results ignored="0" total="2" passed="2" failed="0" skipped="0">
  <reporter-output>
  </reporter-output>
  <suite started-at="2022-08-27T23:14:30 KST" name="Default suite" finished-at="2022-08-27T23:14:47 KST" duration-ms="16573">
    <groups>
    </groups>
    <test started-at="2022-08-27T23:14:30 KST" name="Default test" finished-at="2022-08-27T23:14:47 KST" duration-ms="16573">
      <class name="kellytest.Bigbanner_test">
        <test-method is-config="true" signature="setUp()[pri:0, instance:kellytest.Bigbanner_test@7b36aa0c]" started-at="2022-08-27T23:14:30 KST" name="setUp" finished-at="2022-08-27T23:14:37 KST" duration-ms="7370" status="PASS">
          <reporter-output>
          </reporter-output>
        </test-method> <!-- setUp -->
        <test-method signature="bigbanner_test_001()[pri:0, instance:kellytest.Bigbanner_test@7b36aa0c]" started-at="2022-08-27T23:14:37 KST" name="bigbanner_test_001" finished-at="2022-08-27T23:14:38 KST" duration-ms="642" status="PASS">
          <reporter-output>
          </reporter-output>
        </test-method> <!-- bigbanner_test_001 -->
        <test-method signature="bigbanner_test_002()[pri:0, instance:kellytest.Bigbanner_test@7b36aa0c]" started-at="2022-08-27T23:14:38 KST" name="bigbanner_test_002" finished-at="2022-08-27T23:14:46 KST" duration-ms="7716" status="PASS">
          <reporter-output>
          </reporter-output>
        </test-method> <!-- bigbanner_test_002 -->
        <test-method is-config="true" signature="end()[pri:0, instance:kellytest.Bigbanner_test@7b36aa0c]" started-at="2022-08-27T23:14:46 KST" name="end" finished-at="2022-08-27T23:14:47 KST" duration-ms="798" status="PASS">
          <reporter-output>
          </reporter-output>
        </test-method> <!-- end -->
      </class> <!-- kellytest.Bigbanner_test -->
    </test> <!-- Default test -->
  </suite> <!-- Default suite -->
</testng-results>
